<?xml version="1.0" encoding="UTF-8"?>
<testsuite xmlns:xsi="http://www.w3.org/2001/XMLSchema-instance" xsi:noNamespaceSchemaLocation="https://maven.apache.org/surefire/maven-surefire-plugin/xsd/surefire-test-report.xsd" name="TestSuite" time="227.319" tests="26" errors="0" skipped="0" failures="1">
  <properties>
    <property name="sun.desktop" value="windows"/>
    <property name="awt.toolkit" value="sun.awt.windows.WToolkit"/>
    <property name="java.specification.version" value="11"/>
    <property name="sun.cpu.isalist" value="amd64"/>
    <property name="sun.jnu.encoding" value="Cp1252"/>
    <property name="java.class.path" value="C:\Users\gurja\eclipse-workspace\NaveenAutomationSelenium\target\test-classes;C:\Users\gurja\eclipse-workspace\NaveenAutomationSelenium\target\classes;C:\Windows\system32\config\systemprofile\.m2\repository\io\github\bonigarcia\webdrivermanager\5.4.0\webdrivermanager-5.4.0.jar;C:\Windows\system32\config\systemprofile\.m2\repository\org\slf4j\slf4j-api\2.0.7\slf4j-api-2.0.7.jar;C:\Windows\system32\config\systemprofile\.m2\repository\com\google\code\gson\gson\2.10.1\gson-2.10.1.jar;C:\Windows\system32\config\systemprofile\.m2\repository\com\github\docker-java\docker-java\3.3.1\docker-java-3.3.1.jar;C:\Windows\system32\config\systemprofile\.m2\repository\com\github\docker-java\docker-java-core\3.3.1\docker-java-core-3.3.1.jar;C:\Windows\system32\config\systemprofile\.m2\repository\com\github\docker-java\docker-java-api\3.3.1\docker-java-api-3.3.1.jar;C:\Windows\system32\config\systemprofile\.m2\repository\com\fasterxml\jackson\core\jackson-annotations\2.10.3\jackson-annotations-2.10.3.jar;C:\Windows\system32\config\systemprofile\.m2\repository\commons-io\commons-io\2.6\commons-io-2.6.jar;C:\Windows\system32\config\systemprofile\.m2\repository\org\apache\commons\commons-compress\1.21\commons-compress-1.21.jar;C:\Windows\system32\config\systemprofile\.m2\repository\com\fasterxml\jackson\core\jackson-databind\2.10.3\jackson-databind-2.10.3.jar;C:\Windows\system32\config\systemprofile\.m2\repository\com\fasterxml\jackson\core\jackson-core\2.10.3\jackson-core-2.10.3.jar;C:\Windows\system32\config\systemprofile\.m2\repository\org\bouncycastle\bcpkix-jdk15on\1.64\bcpkix-jdk15on-1.64.jar;C:\Windows\system32\config\systemprofile\.m2\repository\org\bouncycastle\bcprov-jdk15on\1.64\bcprov-jdk15on-1.64.jar;C:\Windows\system32\config\systemprofile\.m2\repository\org\slf4j\jcl-over-slf4j\1.7.30\jcl-over-slf4j-1.7.30.jar;C:\Windows\system32\config\systemprofile\.m2\repository\com\github\docker-java\docker-java-transport-httpclient5\3.3.1\docker-java-transport-httpclient5-3.3.1.jar;C:\Windows\system32\config\systemprofile\.m2\repository\com\github\docker-java\docker-java-transport\3.3.1\docker-java-transport-3.3.1.jar;C:\Windows\system32\config\systemprofile\.m2\repository\net\java\dev\jna\jna\5.12.1\jna-5.12.1.jar;C:\Windows\system32\config\systemprofile\.m2\repository\org\brotli\dec\0.1.2\dec-0.1.2.jar;C:\Windows\system32\config\systemprofile\.m2\repository\org\apache\commons\commons-lang3\3.12.0\commons-lang3-3.12.0.jar;C:\Windows\system32\config\systemprofile\.m2\repository\org\apache\httpcomponents\client5\httpclient5\5.2.1\httpclient5-5.2.1.jar;C:\Windows\system32\config\systemprofile\.m2\repository\org\apache\httpcomponents\core5\httpcore5\5.2\httpcore5-5.2.jar;C:\Windows\system32\config\systemprofile\.m2\repository\org\apache\httpcomponents\core5\httpcore5-h2\5.2\httpcore5-h2-5.2.jar;C:\Windows\system32\config\systemprofile\.m2\repository\org\testng\testng\6.14.3\testng-6.14.3.jar;C:\Windows\system32\config\systemprofile\.m2\repository\com\beust\jcommander\1.72\jcommander-1.72.jar;C:\Windows\system32\config\systemprofile\.m2\repository\org\apache-extras\beanshell\bsh\2.0b6\bsh-2.0b6.jar;C:\Windows\system32\config\systemprofile\.m2\repository\junit\junit\4.11\junit-4.11.jar;C:\Windows\system32\config\systemprofile\.m2\repository\org\hamcrest\hamcrest-core\1.3\hamcrest-core-1.3.jar;C:\Windows\system32\config\systemprofile\.m2\repository\org\seleniumhq\selenium\selenium-java\3.141.59\selenium-java-3.141.59.jar;C:\Windows\system32\config\systemprofile\.m2\repository\org\seleniumhq\selenium\selenium-api\3.141.59\selenium-api-3.141.59.jar;C:\Windows\system32\config\systemprofile\.m2\repository\org\seleniumhq\selenium\selenium-chrome-driver\3.141.59\selenium-chrome-driver-3.141.59.jar;C:\Windows\system32\config\systemprofile\.m2\repository\org\seleniumhq\selenium\selenium-edge-driver\3.141.59\selenium-edge-driver-3.141.59.jar;C:\Windows\system32\config\systemprofile\.m2\repository\org\seleniumhq\selenium\selenium-firefox-driver\3.141.59\selenium-firefox-driver-3.141.59.jar;C:\Windows\system32\config\systemprofile\.m2\repository\org\seleniumhq\selenium\selenium-ie-driver\3.141.59\selenium-ie-driver-3.141.59.jar;C:\Windows\system32\config\systemprofile\.m2\repository\org\seleniumhq\selenium\selenium-opera-driver\3.141.59\selenium-opera-driver-3.141.59.jar;C:\Windows\system32\config\systemprofile\.m2\repository\org\seleniumhq\selenium\selenium-remote-driver\3.141.59\selenium-remote-driver-3.141.59.jar;C:\Windows\system32\config\systemprofile\.m2\repository\org\seleniumhq\selenium\selenium-safari-driver\3.141.59\selenium-safari-driver-3.141.59.jar;C:\Windows\system32\config\systemprofile\.m2\repository\org\seleniumhq\selenium\selenium-support\3.141.59\selenium-support-3.141.59.jar;C:\Windows\system32\config\systemprofile\.m2\repository\net\bytebuddy\byte-buddy\1.8.15\byte-buddy-1.8.15.jar;C:\Windows\system32\config\systemprofile\.m2\repository\org\apache\commons\commons-exec\1.3\commons-exec-1.3.jar;C:\Windows\system32\config\systemprofile\.m2\repository\com\google\guava\guava\25.0-jre\guava-25.0-jre.jar;C:\Windows\system32\config\systemprofile\.m2\repository\com\google\code\findbugs\jsr305\1.3.9\jsr305-1.3.9.jar;C:\Windows\system32\config\systemprofile\.m2\repository\org\checkerframework\checker-compat-qual\2.0.0\checker-compat-qual-2.0.0.jar;C:\Windows\system32\config\systemprofile\.m2\repository\com\google\errorprone\error_prone_annotations\2.1.3\error_prone_annotations-2.1.3.jar;C:\Windows\system32\config\systemprofile\.m2\repository\com\google\j2objc\j2objc-annotations\1.1\j2objc-annotations-1.1.jar;C:\Windows\system32\config\systemprofile\.m2\repository\org\codehaus\mojo\animal-sniffer-annotations\1.14\animal-sniffer-annotations-1.14.jar;C:\Windows\system32\config\systemprofile\.m2\repository\com\squareup\okhttp3\okhttp\3.11.0\okhttp-3.11.0.jar;C:\Windows\system32\config\systemprofile\.m2\repository\com\squareup\okio\okio\1.14.0\okio-1.14.0.jar;C:\Windows\system32\config\systemprofile\.m2\repository\log4j\log4j\1.2.17\log4j-1.2.17.jar;C:\Windows\system32\config\systemprofile\.m2\repository\io\qameta\allure\allure-testng\2.24.0\allure-testng-2.24.0.jar;C:\Windows\system32\config\systemprofile\.m2\repository\io\qameta\allure\allure-java-commons\2.24.0\allure-java-commons-2.24.0.jar;C:\Windows\system32\config\systemprofile\.m2\repository\io\qameta\allure\allure-model\2.24.0\allure-model-2.24.0.jar;C:\Windows\system32\config\systemprofile\.m2\repository\io\qameta\allure\allure-test-filter\2.24.0\allure-test-filter-2.24.0.jar;C:\Windows\system32\config\systemprofile\.m2\repository\com\aventstack\extentreports\3.1.2\extentreports-3.1.2.jar;C:\Windows\system32\config\systemprofile\.m2\repository\org\freemarker\freemarker\2.3.23\freemarker-2.3.23.jar;C:\Windows\system32\config\systemprofile\.m2\repository\org\mongodb\mongodb-driver\3.3.0\mongodb-driver-3.3.0.jar;C:\Windows\system32\config\systemprofile\.m2\repository\org\mongodb\bson\3.3.0\bson-3.3.0.jar;C:\Windows\system32\config\systemprofile\.m2\repository\org\mongodb\mongodb-driver-core\3.3.0\mongodb-driver-core-3.3.0.jar;C:\Windows\system32\config\systemprofile\.m2\repository\org\apache\httpcomponents\httpclient\4.5.2\httpclient-4.5.2.jar;C:\Windows\system32\config\systemprofile\.m2\repository\org\apache\httpcomponents\httpcore\4.4.4\httpcore-4.4.4.jar;C:\Windows\system32\config\systemprofile\.m2\repository\commons-logging\commons-logging\1.2\commons-logging-1.2.jar;C:\Windows\system32\config\systemprofile\.m2\repository\org\apache\httpcomponents\httpmime\4.5.2\httpmime-4.5.2.jar;C:\Windows\system32\config\systemprofile\.m2\repository\org\jsoup\jsoup\1.9.2\jsoup-1.9.2.jar;C:\Windows\system32\config\systemprofile\.m2\repository\org\apache\poi\poi\3.17\poi-3.17.jar;C:\Windows\system32\config\systemprofile\.m2\repository\commons-codec\commons-codec\1.10\commons-codec-1.10.jar;C:\Windows\system32\config\systemprofile\.m2\repository\org\apache\commons\commons-collections4\4.1\commons-collections4-4.1.jar;C:\Windows\system32\config\systemprofile\.m2\repository\org\apache\poi\poi-ooxml\3.17\poi-ooxml-3.17.jar;C:\Windows\system32\config\systemprofile\.m2\repository\org\apache\poi\poi-ooxml-schemas\3.17\poi-ooxml-schemas-3.17.jar;C:\Windows\system32\config\systemprofile\.m2\repository\org\apache\xmlbeans\xmlbeans\2.6.0\xmlbeans-2.6.0.jar;C:\Windows\system32\config\systemprofile\.m2\repository\stax\stax-api\1.0.1\stax-api-1.0.1.jar;C:\Windows\system32\config\systemprofile\.m2\repository\com\github\virtuald\curvesapi\1.04\curvesapi-1.04.jar;"/>
    <property name="java.vm.vendor" value="Oracle Corporation"/>
    <property name="sun.arch.data.model" value="64"/>
    <property name="user.variant" value=""/>
    <property name="java.vendor.url" value="https://openjdk.java.net/"/>
    <property name="user.timezone" value="America/New_York"/>
    <property name="java.vm.specification.version" value="11"/>
    <property name="os.name" value="Windows 11"/>
    <property name="sun.java.launcher" value="SUN_STANDARD"/>
    <property name="user.country" value="CA"/>
    <property name="sun.boot.library.path" value="C:\Program Files\Java\jdk-11.0.16\bin"/>
    <property name="sun.java.command" value="C:\Windows\TEMP\surefire1214106500425395139\surefirebooter15014087876737027188.jar C:\Windows\Temp\surefire1214106500425395139 2023-11-18T01-03-34_450-jvmRun1 surefire8841128360473157173tmp surefire_012810790835081735813tmp"/>
    <property name="jdk.debug" value="release"/>
    <property name="surefire.test.class.path" value="C:\Users\gurja\eclipse-workspace\NaveenAutomationSelenium\target\test-classes;C:\Users\gurja\eclipse-workspace\NaveenAutomationSelenium\target\classes;C:\Windows\system32\config\systemprofile\.m2\repository\io\github\bonigarcia\webdrivermanager\5.4.0\webdrivermanager-5.4.0.jar;C:\Windows\system32\config\systemprofile\.m2\repository\org\slf4j\slf4j-api\2.0.7\slf4j-api-2.0.7.jar;C:\Windows\system32\config\systemprofile\.m2\repository\com\google\code\gson\gson\2.10.1\gson-2.10.1.jar;C:\Windows\system32\config\systemprofile\.m2\repository\com\github\docker-java\docker-java\3.3.1\docker-java-3.3.1.jar;C:\Windows\system32\config\systemprofile\.m2\repository\com\github\docker-java\docker-java-core\3.3.1\docker-java-core-3.3.1.jar;C:\Windows\system32\config\systemprofile\.m2\repository\com\github\docker-java\docker-java-api\3.3.1\docker-java-api-3.3.1.jar;C:\Windows\system32\config\systemprofile\.m2\repository\com\fasterxml\jackson\core\jackson-annotations\2.10.3\jackson-annotations-2.10.3.jar;C:\Windows\system32\config\systemprofile\.m2\repository\commons-io\commons-io\2.6\commons-io-2.6.jar;C:\Windows\system32\config\systemprofile\.m2\repository\org\apache\commons\commons-compress\1.21\commons-compress-1.21.jar;C:\Windows\system32\config\systemprofile\.m2\repository\com\fasterxml\jackson\core\jackson-databind\2.10.3\jackson-databind-2.10.3.jar;C:\Windows\system32\config\systemprofile\.m2\repository\com\fasterxml\jackson\core\jackson-core\2.10.3\jackson-core-2.10.3.jar;C:\Windows\system32\config\systemprofile\.m2\repository\org\bouncycastle\bcpkix-jdk15on\1.64\bcpkix-jdk15on-1.64.jar;C:\Windows\system32\config\systemprofile\.m2\repository\org\bouncycastle\bcprov-jdk15on\1.64\bcprov-jdk15on-1.64.jar;C:\Windows\system32\config\systemprofile\.m2\repository\org\slf4j\jcl-over-slf4j\1.7.30\jcl-over-slf4j-1.7.30.jar;C:\Windows\system32\config\systemprofile\.m2\repository\com\github\docker-java\docker-java-transport-httpclient5\3.3.1\docker-java-transport-httpclient5-3.3.1.jar;C:\Windows\system32\config\systemprofile\.m2\repository\com\github\docker-java\docker-java-transport\3.3.1\docker-java-transport-3.3.1.jar;C:\Windows\system32\config\systemprofile\.m2\repository\net\java\dev\jna\jna\5.12.1\jna-5.12.1.jar;C:\Windows\system32\config\systemprofile\.m2\repository\org\brotli\dec\0.1.2\dec-0.1.2.jar;C:\Windows\system32\config\systemprofile\.m2\repository\org\apache\commons\commons-lang3\3.12.0\commons-lang3-3.12.0.jar;C:\Windows\system32\config\systemprofile\.m2\repository\org\apache\httpcomponents\client5\httpclient5\5.2.1\httpclient5-5.2.1.jar;C:\Windows\system32\config\systemprofile\.m2\repository\org\apache\httpcomponents\core5\httpcore5\5.2\httpcore5-5.2.jar;C:\Windows\system32\config\systemprofile\.m2\repository\org\apache\httpcomponents\core5\httpcore5-h2\5.2\httpcore5-h2-5.2.jar;C:\Windows\system32\config\systemprofile\.m2\repository\org\testng\testng\6.14.3\testng-6.14.3.jar;C:\Windows\system32\config\systemprofile\.m2\repository\com\beust\jcommander\1.72\jcommander-1.72.jar;C:\Windows\system32\config\systemprofile\.m2\repository\org\apache-extras\beanshell\bsh\2.0b6\bsh-2.0b6.jar;C:\Windows\system32\config\systemprofile\.m2\repository\junit\junit\4.11\junit-4.11.jar;C:\Windows\system32\config\systemprofile\.m2\repository\org\hamcrest\hamcrest-core\1.3\hamcrest-core-1.3.jar;C:\Windows\system32\config\systemprofile\.m2\repository\org\seleniumhq\selenium\selenium-java\3.141.59\selenium-java-3.141.59.jar;C:\Windows\system32\config\systemprofile\.m2\repository\org\seleniumhq\selenium\selenium-api\3.141.59\selenium-api-3.141.59.jar;C:\Windows\system32\config\systemprofile\.m2\repository\org\seleniumhq\selenium\selenium-chrome-driver\3.141.59\selenium-chrome-driver-3.141.59.jar;C:\Windows\system32\config\systemprofile\.m2\repository\org\seleniumhq\selenium\selenium-edge-driver\3.141.59\selenium-edge-driver-3.141.59.jar;C:\Windows\system32\config\systemprofile\.m2\repository\org\seleniumhq\selenium\selenium-firefox-driver\3.141.59\selenium-firefox-driver-3.141.59.jar;C:\Windows\system32\config\systemprofile\.m2\repository\org\seleniumhq\selenium\selenium-ie-driver\3.141.59\selenium-ie-driver-3.141.59.jar;C:\Windows\system32\config\systemprofile\.m2\repository\org\seleniumhq\selenium\selenium-opera-driver\3.141.59\selenium-opera-driver-3.141.59.jar;C:\Windows\system32\config\systemprofile\.m2\repository\org\seleniumhq\selenium\selenium-remote-driver\3.141.59\selenium-remote-driver-3.141.59.jar;C:\Windows\system32\config\systemprofile\.m2\repository\org\seleniumhq\selenium\selenium-safari-driver\3.141.59\selenium-safari-driver-3.141.59.jar;C:\Windows\system32\config\systemprofile\.m2\repository\org\seleniumhq\selenium\selenium-support\3.141.59\selenium-support-3.141.59.jar;C:\Windows\system32\config\systemprofile\.m2\repository\net\bytebuddy\byte-buddy\1.8.15\byte-buddy-1.8.15.jar;C:\Windows\system32\config\systemprofile\.m2\repository\org\apache\commons\commons-exec\1.3\commons-exec-1.3.jar;C:\Windows\system32\config\systemprofile\.m2\repository\com\google\guava\guava\25.0-jre\guava-25.0-jre.jar;C:\Windows\system32\config\systemprofile\.m2\repository\com\google\code\findbugs\jsr305\1.3.9\jsr305-1.3.9.jar;C:\Windows\system32\config\systemprofile\.m2\repository\org\checkerframework\checker-compat-qual\2.0.0\checker-compat-qual-2.0.0.jar;C:\Windows\system32\config\systemprofile\.m2\repository\com\google\errorprone\error_prone_annotations\2.1.3\error_prone_annotations-2.1.3.jar;C:\Windows\system32\config\systemprofile\.m2\repository\com\google\j2objc\j2objc-annotations\1.1\j2objc-annotations-1.1.jar;C:\Windows\system32\config\systemprofile\.m2\repository\org\codehaus\mojo\animal-sniffer-annotations\1.14\animal-sniffer-annotations-1.14.jar;C:\Windows\system32\config\systemprofile\.m2\repository\com\squareup\okhttp3\okhttp\3.11.0\okhttp-3.11.0.jar;C:\Windows\system32\config\systemprofile\.m2\repository\com\squareup\okio\okio\1.14.0\okio-1.14.0.jar;C:\Windows\system32\config\systemprofile\.m2\repository\log4j\log4j\1.2.17\log4j-1.2.17.jar;C:\Windows\system32\config\systemprofile\.m2\repository\io\qameta\allure\allure-testng\2.24.0\allure-testng-2.24.0.jar;C:\Windows\system32\config\systemprofile\.m2\repository\io\qameta\allure\allure-java-commons\2.24.0\allure-java-commons-2.24.0.jar;C:\Windows\system32\config\systemprofile\.m2\repository\io\qameta\allure\allure-model\2.24.0\allure-model-2.24.0.jar;C:\Windows\system32\config\systemprofile\.m2\repository\io\qameta\allure\allure-test-filter\2.24.0\allure-test-filter-2.24.0.jar;C:\Windows\system32\config\systemprofile\.m2\repository\com\aventstack\extentreports\3.1.2\extentreports-3.1.2.jar;C:\Windows\system32\config\systemprofile\.m2\repository\org\freemarker\freemarker\2.3.23\freemarker-2.3.23.jar;C:\Windows\system32\config\systemprofile\.m2\repository\org\mongodb\mongodb-driver\3.3.0\mongodb-driver-3.3.0.jar;C:\Windows\system32\config\systemprofile\.m2\repository\org\mongodb\bson\3.3.0\bson-3.3.0.jar;C:\Windows\system32\config\systemprofile\.m2\repository\org\mongodb\mongodb-driver-core\3.3.0\mongodb-driver-core-3.3.0.jar;C:\Windows\system32\config\systemprofile\.m2\repository\org\apache\httpcomponents\httpclient\4.5.2\httpclient-4.5.2.jar;C:\Windows\system32\config\systemprofile\.m2\repository\org\apache\httpcomponents\httpcore\4.4.4\httpcore-4.4.4.jar;C:\Windows\system32\config\systemprofile\.m2\repository\commons-logging\commons-logging\1.2\commons-logging-1.2.jar;C:\Windows\system32\config\systemprofile\.m2\repository\org\apache\httpcomponents\httpmime\4.5.2\httpmime-4.5.2.jar;C:\Windows\system32\config\systemprofile\.m2\repository\org\jsoup\jsoup\1.9.2\jsoup-1.9.2.jar;C:\Windows\system32\config\systemprofile\.m2\repository\org\apache\poi\poi\3.17\poi-3.17.jar;C:\Windows\system32\config\systemprofile\.m2\repository\commons-codec\commons-codec\1.10\commons-codec-1.10.jar;C:\Windows\system32\config\systemprofile\.m2\repository\org\apache\commons\commons-collections4\4.1\commons-collections4-4.1.jar;C:\Windows\system32\config\systemprofile\.m2\repository\org\apache\poi\poi-ooxml\3.17\poi-ooxml-3.17.jar;C:\Windows\system32\config\systemprofile\.m2\repository\org\apache\poi\poi-ooxml-schemas\3.17\poi-ooxml-schemas-3.17.jar;C:\Windows\system32\config\systemprofile\.m2\repository\org\apache\xmlbeans\xmlbeans\2.6.0\xmlbeans-2.6.0.jar;C:\Windows\system32\config\systemprofile\.m2\repository\stax\stax-api\1.0.1\stax-api-1.0.1.jar;C:\Windows\system32\config\systemprofile\.m2\repository\com\github\virtuald\curvesapi\1.04\curvesapi-1.04.jar;"/>
    <property name="sun.cpu.endian" value="little"/>
    <property name="user.home" value="C:\Windows\system32\config\systemprofile"/>
    <property name="user.language" value="en"/>
    <property name="java.specification.vendor" value="Oracle Corporation"/>
    <property name="java.version.date" value="2022-07-19"/>
    <property name="java.home" value="C:\Program Files\Java\jdk-11.0.16"/>
    <property name="file.separator" value="\"/>
    <property name="basedir" value="C:\Users\gurja\eclipse-workspace\NaveenAutomationSelenium"/>
    <property name="java.vm.compressedOopsMode" value="32-bit"/>
    <property name="line.separator" value="&#10;"/>
    <property name="java.specification.name" value="Java Platform API Specification"/>
    <property name="java.vm.specification.vendor" value="Oracle Corporation"/>
    <property name="java.awt.graphicsenv" value="sun.awt.Win32GraphicsEnvironment"/>
    <property name="surefire.real.class.path" value="C:\Windows\TEMP\surefire1214106500425395139\surefirebooter15014087876737027188.jar"/>
    <property name="user.script" value=""/>
    <property name="sun.management.compiler" value="HotSpot 64-Bit Tiered Compilers"/>
    <property name="java.runtime.version" value="11.0.16+11-LTS-199"/>
    <property name="user.name" value="GURSANDEEP_VIRK$"/>
    <property name="path.separator" value=";"/>
    <property name="os.version" value="10.0"/>
    <property name="java.runtime.name" value="Java(TM) SE Runtime Environment"/>
    <property name="file.encoding" value="Cp1252"/>
    <property name="java.vm.name" value="Java HotSpot(TM) 64-Bit Server VM"/>
    <property name="java.vendor.version" value="18.9"/>
    <property name="localRepository" value="C:\Windows\system32\config\systemprofile\.m2\repository"/>
    <property name="java.vendor.url.bug" value="https://bugreport.java.com/bugreport/"/>
    <property name="java.io.tmpdir" value="C:\Windows\TEMP\"/>
    <property name="java.version" value="11.0.16"/>
    <property name="user.dir" value="C:\Users\gurja\eclipse-workspace\NaveenAutomationSelenium"/>
    <property name="os.arch" value="amd64"/>
    <property name="java.vm.specification.name" value="Java Virtual Machine Specification"/>
    <property name="java.awt.printerjob" value="sun.awt.windows.WPrinterJob"/>
    <property name="sun.os.patch.level" value=""/>
    <property name="java.library.path" value="C:\Program Files\Java\jdk-11.0.16\bin;C:\Windows\Sun\Java\bin;C:\Windows\system32;C:\Windows;C:\Maven\apache-maven-3.8.8/bin;C:\Program Files\Java\jdk-11.0.16/bin;C:\Program Files\Java\jdk-11.0.16/bin;C:\Program Files\Common Files\Oracle\Java\javapath;C:\Windows\system32;C:\Windows;C:\Windows\System32\Wbem;C:\Windows\System32\WindowsPowerShell\v1.0\;C:\Windows\System32\OpenSSH\;%JAVA_HOME%\bin;C:\Program Files\Git\cmd;C:\Maven\apache-maven-3.8.8\bin;C:\Allure\allure-2.24.1\bin;C:\Windows\system32\config\systemprofile\AppData\Local\Microsoft\WindowsApps;."/>
    <property name="java.vendor" value="Oracle Corporation"/>
    <property name="java.vm.info" value="mixed mode"/>
    <property name="java.vm.version" value="11.0.16+11-LTS-199"/>
    <property name="sun.io.unicode.encoding" value="UnicodeLittle"/>
    <property name="java.class.version" value="55.0"/>
  </properties>
  <testcase name="validateIfUserCanFillAffiliateEditForm" classname="com.naveenautomation.TestPages.AccountPageTest" time="4.77"/>
  <testcase name="validateNewspaperSubsciption" classname="com.naveenautomation.TestPages.AccountPageTest" time="3.68"/>
  <testcase name="validateProductReturn" classname="com.naveenautomation.TestPages.AccountPageTest" time="3.303"/>
  <testcase name="validateUserCanUpdatePersonalInfo" classname="com.naveenautomation.TestPages.AccountPageTest" time="3.832"/>
  <testcase name="validateIfUserHasNoRewardPoints" classname="com.naveenautomation.TestPages.RewardPageTest" time="2.268"/>
  <testcase name="validateIfUserCanAddNewAddress" classname="com.naveenautomation.TestPages.AddressPageTest" time="14.571">
    <failure message="Cannot locate element with text: Ontario&#10;For documentation on this error, please visit: https://www.seleniumhq.org/exceptions/no_such_element.html&#10;Build info: version: &apos;3.141.59&apos;, revision: &apos;e82be7d358&apos;, time: &apos;2018-11-14T08:17:03&apos;&#10;System info: host: &apos;GURSANDEEP_VIRK&apos;, ip: &apos;10.0.0.61&apos;, os.name: &apos;Windows 11&apos;, os.arch: &apos;amd64&apos;, os.version: &apos;10.0&apos;, java.version: &apos;11.0.16&apos;&#10;Driver info: driver.version: unknown" type="org.openqa.selenium.NoSuchElementException">org.openqa.selenium.NoSuchElementException: 
Cannot locate element with text: Ontario
For documentation on this error, please visit: https://www.seleniumhq.org/exceptions/no_such_element.html
Build info: version: '3.141.59', revision: 'e82be7d358', time: '2018-11-14T08:17:03'
System info: host: 'GURSANDEEP_VIRK', ip: '10.0.0.61', os.name: 'Windows 11', os.arch: 'amd64', os.version: '10.0', java.version: '11.0.16'
Driver info: driver.version: unknown
	at com.naveenautomation.TestPages.AddressPageTest.validateIfUserCanAddNewAddress(AddressPageTest.java:35)
</failure>
    <system-out><![CDATA[2023-11-18 01:04:31 INFO  TestBase:39 - Navigating to https://naveenautomationlabs.com/opencart/index.php?route=account/login
47980 [main] INFO com.naveenautomation.base.TestBase  - Navigating to https://naveenautomationlabs.com/opencart/index.php?route=account/login
2023-11-18 01:04:34 INFO  TestBase:45 - Navigated to https://naveenautomationlabs.com/opencart/index.php?route=account/login
50750 [main] INFO com.naveenautomation.base.TestBase  - Navigated to https://naveenautomationlabs.com/opencart/index.php?route=account/login
2023-11-18 01:04:34 INFO  TestBase:87 - Finding element using By.id: input-email
50944 [main] INFO com.naveenautomation.base.TestBase  - Finding element using By.id: input-email
2023-11-18 01:04:34 INFO  TestBase:93 - Found element using By.id: input-email
50972 [main] INFO com.naveenautomation.base.TestBase  - Found element using By.id: input-email
2023-11-18 01:04:34 INFO  TestBase:87 - Finding element using By.id: input-password
51097 [main] INFO com.naveenautomation.base.TestBase  - Finding element using By.id: input-password
2023-11-18 01:04:34 INFO  TestBase:93 - Found element using By.id: input-password
51129 [main] INFO com.naveenautomation.base.TestBase  - Found element using By.id: input-password
2023-11-18 01:04:35 INFO  TestBase:87 - Finding element using By.cssSelector: input[type='Submit']
51245 [main] INFO com.naveenautomation.base.TestBase  - Finding element using By.cssSelector: input[type='Submit']
2023-11-18 01:04:35 INFO  TestBase:93 - Found element using By.cssSelector: input[type='Submit']
51271 [main] INFO com.naveenautomation.base.TestBase  - Found element using By.cssSelector: input[type='Submit']
2023-11-18 01:04:35 INFO  TestBase:99 - Clicking on 
51296 [main] INFO com.naveenautomation.base.TestBase  - Clicking on 
2023-11-18 01:04:36 INFO  TestBase:105 - Clicked on [[ChromeDriver: chrome on WINDOWS (c4cd558ca2e3b2696f88ff19a9d172bb)] -> css selector: input[type='Submit']]
52142 [main] INFO com.naveenautomation.base.TestBase  - Clicked on [[ChromeDriver: chrome on WINDOWS (c4cd558ca2e3b2696f88ff19a9d172bb)] -> css selector: input[type='Submit']]
2023-11-18 01:04:36 INFO  TestBase:87 - Finding element using By.cssSelector: #column-right>div>a
52142 [main] INFO com.naveenautomation.base.TestBase  - Finding element using By.cssSelector: #column-right>div>a
2023-11-18 01:04:36 INFO  TestBase:93 - Found element using By.cssSelector: #column-right>div>a
52167 [main] INFO com.naveenautomation.base.TestBase  - Found element using By.cssSelector: #column-right>div>a
2023-11-18 01:04:36 INFO  TestBase:165 - Getting text on My Account
52185 [main] INFO com.naveenautomation.base.TestBase  - Getting text on My Account
2023-11-18 01:04:36 INFO  TestBase:171 - Got text on My Account
52215 [main] INFO com.naveenautomation.base.TestBase  - Got text on My Account
2023-11-18 01:04:36 INFO  TestBase:165 - Getting text on Edit Account
52231 [main] INFO com.naveenautomation.base.TestBase  - Getting text on Edit Account
2023-11-18 01:04:36 INFO  TestBase:171 - Got text on Edit Account
52259 [main] INFO com.naveenautomation.base.TestBase  - Got text on Edit Account
2023-11-18 01:04:36 INFO  TestBase:165 - Getting text on Password
52273 [main] INFO com.naveenautomation.base.TestBase  - Getting text on Password
2023-11-18 01:04:36 INFO  TestBase:171 - Got text on Password
52306 [main] INFO com.naveenautomation.base.TestBase  - Got text on Password
2023-11-18 01:04:36 INFO  TestBase:165 - Getting text on Address Book
52329 [main] INFO com.naveenautomation.base.TestBase  - Getting text on Address Book
2023-11-18 01:04:36 INFO  TestBase:171 - Got text on Address Book
52368 [main] INFO com.naveenautomation.base.TestBase  - Got text on Address Book
2023-11-18 01:04:36 INFO  TestBase:99 - Clicking on Address Book
52397 [main] INFO com.naveenautomation.base.TestBase  - Clicking on Address Book
2023-11-18 01:04:36 INFO  TestBase:105 - Clicked on [[ChromeDriver: chrome on WINDOWS (c4cd558ca2e3b2696f88ff19a9d172bb)] -> css selector: #column-right>div>a]
52953 [main] INFO com.naveenautomation.base.TestBase  - Clicked on [[ChromeDriver: chrome on WINDOWS (c4cd558ca2e3b2696f88ff19a9d172bb)] -> css selector: #column-right>div>a]
2023-11-18 01:04:36 INFO  TestBase:87 - Finding element using By.xpath: //a[text()='New Address']
52954 [main] INFO com.naveenautomation.base.TestBase  - Finding element using By.xpath: //a[text()='New Address']
2023-11-18 01:04:36 INFO  TestBase:93 - Found element using By.xpath: //a[text()='New Address']
52984 [main] INFO com.naveenautomation.base.TestBase  - Found element using By.xpath: //a[text()='New Address']
2023-11-18 01:04:36 INFO  TestBase:99 - Clicking on New Address
53001 [main] INFO com.naveenautomation.base.TestBase  - Clicking on New Address
2023-11-18 01:04:38 INFO  TestBase:105 - Clicked on [[ChromeDriver: chrome on WINDOWS (c4cd558ca2e3b2696f88ff19a9d172bb)] -> xpath: //a[text()='New Address']]
54262 [main] INFO com.naveenautomation.base.TestBase  - Clicked on [[ChromeDriver: chrome on WINDOWS (c4cd558ca2e3b2696f88ff19a9d172bb)] -> xpath: //a[text()='New Address']]
2023-11-18 01:04:38 INFO  TestBase:87 - Finding element using By.cssSelector: #input-firstname
54262 [main] INFO com.naveenautomation.base.TestBase  - Finding element using By.cssSelector: #input-firstname
2023-11-18 01:04:38 INFO  TestBase:93 - Found element using By.cssSelector: #input-firstname
54286 [main] INFO com.naveenautomation.base.TestBase  - Found element using By.cssSelector: #input-firstname
2023-11-18 01:04:38 INFO  TestBase:87 - Finding element using By.cssSelector: #input-lastname
54378 [main] INFO com.naveenautomation.base.TestBase  - Finding element using By.cssSelector: #input-lastname
2023-11-18 01:04:38 INFO  TestBase:93 - Found element using By.cssSelector: #input-lastname
54421 [main] INFO com.naveenautomation.base.TestBase  - Found element using By.cssSelector: #input-lastname
2023-11-18 01:04:38 INFO  TestBase:87 - Finding element using By.cssSelector: #input-address-1
54531 [main] INFO com.naveenautomation.base.TestBase  - Finding element using By.cssSelector: #input-address-1
2023-11-18 01:04:38 INFO  TestBase:93 - Found element using By.cssSelector: #input-address-1
54573 [main] INFO com.naveenautomation.base.TestBase  - Found element using By.cssSelector: #input-address-1
2023-11-18 01:04:38 INFO  TestBase:87 - Finding element using By.cssSelector: #input-city
54703 [main] INFO com.naveenautomation.base.TestBase  - Finding element using By.cssSelector: #input-city
2023-11-18 01:04:38 INFO  TestBase:93 - Found element using By.cssSelector: #input-city
54735 [main] INFO com.naveenautomation.base.TestBase  - Found element using By.cssSelector: #input-city
2023-11-18 01:04:38 INFO  TestBase:87 - Finding element using By.cssSelector: #input-postcode
54847 [main] INFO com.naveenautomation.base.TestBase  - Finding element using By.cssSelector: #input-postcode
2023-11-18 01:04:38 INFO  TestBase:93 - Found element using By.cssSelector: #input-postcode
54888 [main] INFO com.naveenautomation.base.TestBase  - Found element using By.cssSelector: #input-postcode
2023-11-18 01:04:38 INFO  TestBase:87 - Finding element using By.cssSelector: #input-country
54997 [main] INFO com.naveenautomation.base.TestBase  - Finding element using By.cssSelector: #input-country
2023-11-18 01:04:38 INFO  TestBase:93 - Found element using By.cssSelector: #input-country
55037 [main] INFO com.naveenautomation.base.TestBase  - Found element using By.cssSelector: #input-country
2023-11-18 01:04:38 INFO  TestBase:87 - Finding element using By.cssSelector: #input-country
55051 [main] INFO com.naveenautomation.base.TestBase  - Finding element using By.cssSelector: #input-country
2023-11-18 01:04:38 INFO  TestBase:93 - Found element using By.cssSelector: #input-country
55077 [main] INFO com.naveenautomation.base.TestBase  - Found element using By.cssSelector: #input-country
2023-11-18 01:04:38 INFO  TestBase:87 - Finding element using By.cssSelector: #input-country
55109 [main] INFO com.naveenautomation.base.TestBase  - Finding element using By.cssSelector: #input-country
2023-11-18 01:04:38 INFO  TestBase:93 - Found element using By.cssSelector: #input-country
55133 [main] INFO com.naveenautomation.base.TestBase  - Found element using By.cssSelector: #input-country
2023-11-18 01:04:38 INFO  TestBase:87 - Finding element using By.xpath: .//option[normalize-space(.) = "Canada"]
55133 [main] INFO com.naveenautomation.base.TestBase  - Finding element using By.xpath: .//option[normalize-space(.) = "Canada"]
2023-11-18 01:04:39 INFO  TestBase:93 - Found element using By.xpath: .//option[normalize-space(.) = "Canada"]
55166 [main] INFO com.naveenautomation.base.TestBase  - Found element using By.xpath: .//option[normalize-space(.) = "Canada"]
2023-11-18 01:04:39 INFO  TestBase:99 - Clicking on Canada
55212 [main] INFO com.naveenautomation.base.TestBase  - Clicking on Canada
2023-11-18 01:04:39 INFO  TestBase:105 - Clicked on [[[[ChromeDriver: chrome on WINDOWS (c4cd558ca2e3b2696f88ff19a9d172bb)] -> css selector: #input-country]] -> xpath: .//option[normalize-space(.) = "Canada"]]
55263 [main] INFO com.naveenautomation.base.TestBase  - Clicked on [[[[ChromeDriver: chrome on WINDOWS (c4cd558ca2e3b2696f88ff19a9d172bb)] -> css selector: #input-country]] -> xpath: .//option[normalize-space(.) = "Canada"]]
2023-11-18 01:04:39 INFO  TestBase:87 - Finding element using By.cssSelector: #input-zone
55263 [main] INFO com.naveenautomation.base.TestBase  - Finding element using By.cssSelector: #input-zone
2023-11-18 01:04:39 INFO  TestBase:93 - Found element using By.cssSelector: #input-zone
55300 [main] INFO com.naveenautomation.base.TestBase  - Found element using By.cssSelector: #input-zone
2023-11-18 01:04:39 INFO  TestBase:87 - Finding element using By.cssSelector: #input-zone
55311 [main] INFO com.naveenautomation.base.TestBase  - Finding element using By.cssSelector: #input-zone
2023-11-18 01:04:39 INFO  TestBase:93 - Found element using By.cssSelector: #input-zone
55332 [main] INFO com.naveenautomation.base.TestBase  - Found element using By.cssSelector: #input-zone
2023-11-18 01:04:39 INFO  TestBase:87 - Finding element using By.cssSelector: #input-zone
55378 [main] INFO com.naveenautomation.base.TestBase  - Finding element using By.cssSelector: #input-zone
2023-11-18 01:04:39 INFO  TestBase:93 - Found element using By.cssSelector: #input-zone
55407 [main] INFO com.naveenautomation.base.TestBase  - Found element using By.cssSelector: #input-zone
2023-11-18 01:04:39 INFO  TestBase:87 - Finding element using By.xpath: .//option[normalize-space(.) = "Ontario"]
55407 [main] INFO com.naveenautomation.base.TestBase  - Finding element using By.xpath: .//option[normalize-space(.) = "Ontario"]
2023-11-18 01:04:49 INFO  TestBase:93 - Found element using By.xpath: .//option[normalize-space(.) = "Ontario"]
65491 [main] INFO com.naveenautomation.base.TestBase  - Found element using By.xpath: .//option[normalize-space(.) = "Ontario"]
]]></system-out>
    <system-err><![CDATA[Starting ChromeDriver 119.0.6045.105 (38c72552c5e15ba9b3117c0967a0fd105072d7c6-refs/branch-heads/6045@{#1103}) on port 16613
Only local connections are allowed.
Please see https://chromedriver.chromium.org/security-considerations for suggestions on keeping ChromeDriver safe.
ChromeDriver was started successfully.
Nov. 18, 2023 1:04:31 A.M. org.openqa.selenium.remote.ProtocolHandshake createSession
INFO: Detected dialect: W3C
]]></system-err>
  </testcase>
  <testcase name="validateIfUserCanAddProductToCompareList" classname="com.naveenautomation.TestPages.SpecialPageTest" time="2.698"/>
  <testcase name="validateUserFailedToEditAffilateWithNoPayeeInput" classname="com.naveenautomation.TestPages.AffiliateEditPageTest" time="3.553"/>
  <testcase name="validateIfUserHasNotAnyTransaction" classname="com.naveenautomation.TestPages.TransactionPageTest" time="2.248"/>
  <testcase name="validateIfContactUsFailedWithLessEnquiryChar" classname="com.naveenautomation.TestPages.ContactPageTest" time="2.973"/>
  <testcase name="validateIfContactUsFailedWithNoEmailInput" classname="com.naveenautomation.TestPages.ContactPageTest" time="2.87"/>
  <testcase name="validateIfRequiredFieldsAreEmptyThenUserCannotBuyVoucher" classname="com.naveenautomation.TestPages.VoucherSuccessPageTest" time="3.506"/>
  <testcase name="validateIfUserCanBuyVoucher" classname="com.naveenautomation.TestPages.VoucherSuccessPageTest" time="3.26"/>
  <testcase name="validateIfUserCanSuccessfullySubmitEnquiryOnContactUs" classname="com.naveenautomation.TestPages.ContactSuccessPageTest" time="3.567"/>
  <testcase name="validateIfUserHasNotAnyDownloads" classname="com.naveenautomation.TestPages.DownloadPageTest" time="3.19"/>
  <testcase name="validateEmailForForgottenPassword" classname="com.naveenautomation.TestPages.LoginPageTest" time="1.766"/>
  <testcase name="validateLoginWithMultipleCredentials" classname="com.naveenautomation.TestPages.LoginPageTest" time="1.311"/>
  <testcase name="validateLoginWithMultipleCredentials" classname="com.naveenautomation.TestPages.LoginPageTest" time="2.138"/>
  <testcase name="validateLoginWithMultipleCredentials" classname="com.naveenautomation.TestPages.LoginPageTest" time="1.286"/>
  <testcase name="validateLoginWithMultipleCredentials" classname="com.naveenautomation.TestPages.LoginPageTest" time="1.386"/>
  <testcase name="validateLoginWithMultipleCredentials" classname="com.naveenautomation.TestPages.LoginPageTest" time="1.34"/>
  <testcase name="validateUserCanLoginWithValidCredentials" classname="com.naveenautomation.TestPages.LoginPageTest" time="1.37"/>
  <testcase name="validateUserCanNotLoginWithInValidCredentials" classname="com.naveenautomation.TestPages.LoginPageTest" time="0.861"/>
  <testcase name="validateLogoutFunctionality" classname="com.naveenautomation.TestPages.LogoutPageTest" time="3.015"/>
  <testcase name="validateIfUserCanAddMacToWishList" classname="com.naveenautomation.TestPages.MacPageTest" time="3.377"/>
  <testcase name="validateIfUserHasNotAnyOrderHistory" classname="com.naveenautomation.TestPages.OrderHistoryPageTest" time="2.11"/>
</testsuite>