<?xml version="1.0" encoding="UTF-8"?>
<!-- Generated by org.testng.reporters.JUnitReportReporter -->
<testsuite hostname="Gursandeep_Virk" failures="0" tests="2" name="com.naveenautomation.TestPages.VoucherSuccessPageTest" time="12.766" errors="0" timestamp="2023-11-13T19:04:21 EST" skipped="0">
  <testcase classname="com.naveenautomation.TestPages.VoucherSuccessPageTest" name="validateIfRequiredFieldsAreEmptyThenUserCannotBuyVoucher" time="6.846"/>
  <testcase classname="com.naveenautomation.TestPages.VoucherSuccessPageTest" name="validateIfUserCanBuyVoucher" time="5.920"/>
</testsuite> <!-- com.naveenautomation.TestPages.VoucherSuccessPageTest -->
