<?xml version="1.0" encoding="UTF-8"?>
<!-- Generated by org.testng.reporters.JUnitReportReporter -->
<testsuite hostname="Gursandeep_Virk" failures="0" tests="1" name="com.naveenautomation.TestPages.MacPage_20_27_Test" time="8.629" errors="0" timestamp="2023-10-31T18:31:17 EDT" skipped="0">
  <testcase classname="com.naveenautomation.TestPages.MacPage_20_27_Test" name="validateIfUserCanAddMacToWishList" time="8.629"/>
</testsuite> <!-- com.naveenautomation.TestPages.MacPage_20_27_Test -->
