<?xml version="1.0" encoding="UTF-8"?>
<!-- Generated by org.testng.reporters.JUnitReportReporter -->
<testsuite hostname="Gursandeep_Virk" failures="0" tests="1" name="com.naveenautomation.TestPages.SpecialPageTest" time="7.469" errors="0" timestamp="2023-11-06T14:56:57 EST" skipped="0">
  <testcase classname="com.naveenautomation.TestPages.SpecialPageTest" name="validateIfUserCanAddProductToCompareList" time="7.469"/>
</testsuite> <!-- com.naveenautomation.TestPages.SpecialPageTest -->
