<?xml version="1.0" encoding="UTF-8"?>
<!-- Generated by org.testng.reporters.JUnitReportReporter -->
<testsuite hostname="Gursandeep_Virk" failures="0" tests="1" name="com.sandeep.FirstSeleniumScript.ExplicitWait" time="15.819" errors="0" timestamp="2023-09-27T18:47:05 EDT" skipped="0">
  <testcase classname="com.sandeep.FirstSeleniumScript.ExplicitWait" name="explicitWaitDemo" time="15.819"/>
</testsuite> <!-- com.sandeep.FirstSeleniumScript.ExplicitWait -->
