<?xml version="1.0" encoding="UTF-8"?>
<!-- Generated by org.testng.reporters.JUnitReportReporter -->
<testsuite hostname="Gursandeep_Virk" failures="0" tests="2" name="com.naveenautomation.TestPages.AddressPageTest" time="10.695" errors="0" timestamp="2023-11-19T21:40:57 EST" skipped="1">
  <testcase classname="com.naveenautomation.TestPages.AddressPageTest" name="validateIfUserCanAddNewAddress" time="10.695"/>
  <testcase classname="com.naveenautomation.TestPages.AddressPageTest" name="validateIfUserCanMakeExistingAddressAsDefaultAddress">
    <skipped/>
  </testcase> <!-- validateIfUserCanMakeExistingAddressAsDefaultAddress -->
</testsuite> <!-- com.naveenautomation.TestPages.AddressPageTest -->
