<?xml version="1.0" encoding="UTF-8"?>
<!-- Generated by org.testng.reporters.JUnitReportReporter -->
<testsuite hostname="Gursandeep_Virk" failures="0" tests="1" name="com.naveenautomation.TestPages.AccountPageTest" time="9.104" errors="0" timestamp="2023-11-19T21:35:56 EST" skipped="0">
  <testcase classname="com.naveenautomation.TestPages.AccountPageTest" name="validateUserCanUpdatePersonalInfo" time="9.104"/>
</testsuite> <!-- com.naveenautomation.TestPages.AccountPageTest -->
