<?xml version="1.0" encoding="UTF-8"?>
<!-- Generated by org.testng.reporters.JUnitReportReporter -->
<testsuite hostname="Gursandeep_Virk" failures="0" tests="1" name="com.naveenautomation.TestPages.MacPageTest" time="7.248" errors="0" timestamp="2023-11-13T19:04:21 EST" skipped="0">
  <testcase classname="com.naveenautomation.TestPages.MacPageTest" name="validateIfUserCanAddMacToWishList" time="7.248"/>
</testsuite> <!-- com.naveenautomation.TestPages.MacPageTest -->
