<?xml version="1.0" encoding="UTF-8"?>
<!-- Generated by org.testng.reporters.JUnitReportReporter -->
<testsuite hostname="Gursandeep_Virk" failures="0" tests="1" name="com.sandeep.FirstSeleniumScript.WindowSwitch" time="9.445" errors="0" timestamp="2023-10-04T18:38:10 EDT" skipped="0">
  <testcase classname="com.sandeep.FirstSeleniumScript.WindowSwitch" name="switchfromOneWindowToAnother" time="9.445"/>
</testsuite> <!-- com.sandeep.FirstSeleniumScript.WindowSwitch -->
