<?xml version="1.0" encoding="UTF-8"?>
<!-- Generated by org.testng.reporters.JUnitReportReporter -->
<testsuite hostname="Gursandeep_Virk" failures="0" tests="1" name="com.sandeep.FirstSeleniumScript.EliteHomeAccountPage" time="25.051" errors="0" timestamp="2023-09-25T19:20:06 EDT" skipped="0">
  <testcase classname="com.sandeep.FirstSeleniumScript.EliteHomeAccountPage" name="findElements" time="25.051"/>
</testsuite> <!-- com.sandeep.FirstSeleniumScript.EliteHomeAccountPage -->
