<?xml version="1.0" encoding="UTF-8"?>
<!-- Generated by org.testng.reporters.JUnitReportReporter -->
<testsuite hostname="Gursandeep_Virk" failures="0" tests="2" name="com.sandeep.FirstSeleniumScript.Assignment" time="7.003" errors="0" timestamp="2023-09-18T17:16:58 EDT" skipped="0">
  <testcase classname="com.sandeep.FirstSeleniumScript.Assignment" name="titleForHomePage" time="0.079"/>
  <testcase classname="com.sandeep.FirstSeleniumScript.Assignment" name="openBestBuyInChrome" time="6.924"/>
</testsuite> <!-- com.sandeep.FirstSeleniumScript.Assignment -->
