<?xml version="1.0" encoding="UTF-8"?>
<!-- Generated by org.testng.reporters.JUnitReportReporter -->
<testsuite hostname="Gursandeep_Virk" failures="0" tests="1" name="com.naveenautomation.TestPages.ContactPageTest" time="8.980" errors="0" timestamp="2023-11-13T21:09:59 EST" skipped="0">
  <testcase classname="com.naveenautomation.TestPages.ContactPageTest" name="validateIfContactUsFailedWithLessEnquiryChar" time="8.980"/>
</testsuite> <!-- com.naveenautomation.TestPages.ContactPageTest -->
