<?xml version="1.0" encoding="UTF-8"?>
<!-- Generated by org.testng.reporters.JUnitReportReporter -->
<testsuite hostname="Gursandeep_Virk" failures="0" tests="3" name="com.naveenautomation.TestPages.AccountPageTest" time="60.541" errors="0" timestamp="2023-11-06T14:56:57 EST" skipped="0">
  <testcase classname="com.naveenautomation.TestPages.AccountPageTest" name="validateUserCanUpdatePersonalInfo" time="33.876"/>
  <testcase classname="com.naveenautomation.TestPages.AccountPageTest" name="validateNewspaperSubsciption" time="15.066"/>
  <testcase classname="com.naveenautomation.TestPages.AccountPageTest" name="validateProductReturn" time="11.599"/>
</testsuite> <!-- com.naveenautomation.TestPages.AccountPageTest -->
