<?xml version="1.0" encoding="UTF-8"?>
<!-- Generated by org.testng.reporters.JUnitReportReporter -->
<testsuite hostname="Gursandeep_Virk" failures="0" tests="2" name="com.sandeep.FirstSeleniumScript.SeleniumBasicCommands" time="13.330" errors="0" timestamp="2023-09-21T16:28:07 EDT" skipped="0">
  <testcase classname="com.sandeep.FirstSeleniumScript.SeleniumBasicCommands" name="validateLogin" time="6.561"/>
  <testcase classname="com.sandeep.FirstSeleniumScript.SeleniumBasicCommands" name="tearDown" time="6.769"/>
</testsuite> <!-- com.sandeep.FirstSeleniumScript.SeleniumBasicCommands -->
