<?xml version="1.0" encoding="UTF-8"?>
<!-- Generated by org.testng.reporters.JUnitReportReporter -->
<testsuite hostname="Gursandeep_Virk" failures="0" tests="1" name="com.naveenautomation.TestPages.ProductReturnPageTest" time="9.031" errors="0" timestamp="2023-10-09T00:33:48 EDT" skipped="0">
  <testcase classname="com.naveenautomation.TestPages.ProductReturnPageTest" name="validateProductReturn" time="9.031"/>
</testsuite> <!-- com.naveenautomation.TestPages.ProductReturnPageTest -->
