<?xml version="1.0" encoding="UTF-8"?>
<!-- Generated by org.testng.reporters.JUnitReportReporter -->
<testsuite hostname="Gursandeep_Virk" failures="0" tests="1" name="com.sandeep.FirstSeleniumScript.NaveenAutomationLabs" time="17.026" errors="0" timestamp="2023-09-26T19:17:42 EDT" skipped="0">
  <testcase classname="com.sandeep.FirstSeleniumScript.NaveenAutomationLabs" name="fillTheDetailsOnContactUsPage" time="17.026"/>
</testsuite> <!-- com.sandeep.FirstSeleniumScript.NaveenAutomationLabs -->
