<?xml version="1.0" encoding="UTF-8"?>
<!-- Generated by org.testng.reporters.JUnitReportReporter -->
<testsuite hostname="Gursandeep_Virk" failures="0" tests="1" name="com.naveenautomation.TestPages.ChangePasswordPageTest" time="11.199" errors="0" timestamp="2023-10-08T22:59:41 EDT" skipped="0">
  <testcase classname="com.naveenautomation.TestPages.ChangePasswordPageTest" name="validateChangePassword" time="11.199"/>
</testsuite> <!-- com.naveenautomation.TestPages.ChangePasswordPageTest -->
