<?xml version="1.0" encoding="UTF-8"?>
<!-- Generated by org.testng.reporters.JUnitReportReporter -->
<testsuite hostname="Gursandeep_Virk" failures="0" tests="2" name="com.sandeep.FirstSeleniumScript.AssignmentOnBrowserCommands" time="32.078" errors="0" timestamp="2023-09-19T15:56:32 EDT" skipped="0">
  <testcase classname="com.sandeep.FirstSeleniumScript.AssignmentOnBrowserCommands" name="getCurrentUrl" time="17.431"/>
  <testcase classname="com.sandeep.FirstSeleniumScript.AssignmentOnBrowserCommands" name="titleForHomePage" time="14.647"/>
</testsuite> <!-- com.sandeep.FirstSeleniumScript.AssignmentOnBrowserCommands -->
