<?xml version="1.0" encoding="UTF-8"?>
<!-- Generated by org.testng.reporters.JUnitReportReporter -->
<testsuite hostname="Gursandeep_Virk" failures="0" tests="1" name="com.naveenautomation.TestPages.HandlingWebTables" time="28.730" errors="0" timestamp="2023-10-25T00:07:00 EDT" skipped="0">
  <testcase classname="com.naveenautomation.TestPages.HandlingWebTables" name="testingWebTable" time="28.730"/>
</testsuite> <!-- com.naveenautomation.TestPages.HandlingWebTables -->
