<?xml version="1.0" encoding="UTF-8"?>
<!-- Generated by org.testng.reporters.JUnitReportReporter -->
<testsuite hostname="Gursandeep_Virk" failures="0" tests="2" name="com.sandeep.FirstSeleniumScript.BrowserCommandsOnChrome" time="41.204" errors="0" timestamp="2023-09-18T20:28:05 EDT" skipped="0">
  <testcase classname="com.sandeep.FirstSeleniumScript.BrowserCommandsOnChrome" name="getCurrentUrl" time="25.308"/>
  <testcase classname="com.sandeep.FirstSeleniumScript.BrowserCommandsOnChrome" name="titleForHomePage" time="15.896"/>
</testsuite> <!-- com.sandeep.FirstSeleniumScript.BrowserCommandsOnChrome -->
