<?xml version="1.0" encoding="UTF-8"?>
<!-- Generated by org.testng.reporters.JUnitReportReporter -->
<testsuite hostname="Gursandeep_Virk" failures="0" tests="1" name="com.naveenautomation.TestPages.NewsletterSubscriptionPageTest" time="12.534" errors="0" timestamp="2023-10-09T00:56:21 EDT" skipped="0">
  <testcase classname="com.naveenautomation.TestPages.NewsletterSubscriptionPageTest" name="validateNewspaperSubsciption" time="12.534"/>
</testsuite> <!-- com.naveenautomation.TestPages.NewsletterSubscriptionPageTest -->
