<?xml version="1.0" encoding="UTF-8"?>
<!-- Generated by org.testng.reporters.JUnitReportReporter -->
<testsuite hostname="Gursandeep_Virk" failures="0" tests="1" name="com.naveenautomation.TestPages.DownloadPageTest" time="7.115" errors="0" timestamp="2023-11-06T14:56:57 EST" skipped="0">
  <testcase classname="com.naveenautomation.TestPages.DownloadPageTest" name="validateIfUserHasNotAnyDownloads" time="7.115"/>
</testsuite> <!-- com.naveenautomation.TestPages.DownloadPageTest -->
