<?xml version="1.0" encoding="UTF-8"?>
<!-- Generated by org.testng.reporters.JUnitReportReporter -->
<testsuite hostname="Gursandeep_Virk" failures="0" tests="1" name="com.naveenautomation.TestPages.VoucherSuccessPageTest" time="9.156" errors="0" timestamp="2023-11-06T14:56:57 EST" skipped="0">
  <testcase classname="com.naveenautomation.TestPages.VoucherSuccessPageTest" name="validateIfUserCanBuyVoucher" time="9.156"/>
</testsuite> <!-- com.naveenautomation.TestPages.VoucherSuccessPageTest -->
