<?xml version="1.0" encoding="UTF-8"?>
<!-- Generated by org.testng.reporters.JUnitReportReporter -->
<testsuite hostname="Gursandeep_Virk" failures="0" tests="4" name="com.naveenautomation.TestPages.AccountPageTest" time="32.395" errors="0" timestamp="15 Nov. 2023 23:12:29 GMT" skipped="0">
  <testcase classname="com.naveenautomation.TestPages.AccountPageTest" name="validateIfUserCanFillAffiliateEditForm" time="8.350"/>
  <testcase classname="com.naveenautomation.TestPages.AccountPageTest" name="validateUserCanUpdatePersonalInfo" time="6.889"/>
  <testcase classname="com.naveenautomation.TestPages.AccountPageTest" name="validateNewspaperSubsciption" time="10.581"/>
  <testcase classname="com.naveenautomation.TestPages.AccountPageTest" name="validateProductReturn" time="6.575"/>
</testsuite> <!-- com.naveenautomation.TestPages.AccountPageTest -->
