<?xml version="1.0" encoding="UTF-8"?>
<!-- Generated by org.testng.reporters.JUnitReportReporter -->
<testsuite hostname="Gursandeep_Virk" failures="0" tests="8" name="com.naveenautomation.TestPages.LoginPageTest" time="44.313" errors="0" timestamp="15 Nov. 2023 23:12:29 GMT" skipped="0">
  <testcase classname="com.naveenautomation.TestPages.LoginPageTest" name="validateLoginWithMultipleCredentials" time="4.877"/>
  <testcase classname="com.naveenautomation.TestPages.LoginPageTest" name="validateLoginWithMultipleCredentials" time="6.063"/>
  <testcase classname="com.naveenautomation.TestPages.LoginPageTest" name="validateLoginWithMultipleCredentials" time="4.905"/>
  <testcase classname="com.naveenautomation.TestPages.LoginPageTest" name="validateUserCanLoginWithValidCredentials" time="4.540"/>
  <testcase classname="com.naveenautomation.TestPages.LoginPageTest" name="validateLoginWithMultipleCredentials" time="7.617"/>
  <testcase classname="com.naveenautomation.TestPages.LoginPageTest" name="validateEmailForForgottenPassword" time="5.033"/>
  <testcase classname="com.naveenautomation.TestPages.LoginPageTest" name="validateLoginWithMultipleCredentials" time="4.702"/>
  <testcase classname="com.naveenautomation.TestPages.LoginPageTest" name="validateUserCanNotLoginWithInValidCredentials" time="6.576"/>
</testsuite> <!-- com.naveenautomation.TestPages.LoginPageTest -->
