<?xml version="1.0" encoding="UTF-8"?>
<!-- Generated by org.testng.reporters.JUnitReportReporter -->
<testsuite hostname="Gursandeep_Virk" failures="0" tests="1" name="com.naveenautomation.TestPages.AffiliateEditPageTest" time="8.318" errors="0" timestamp="15 Nov. 2023 23:12:29 GMT" skipped="0">
  <testcase classname="com.naveenautomation.TestPages.AffiliateEditPageTest" name="validateUserFailedToEditAffilateWithNoPayeeInput" time="8.318"/>
</testsuite> <!-- com.naveenautomation.TestPages.AffiliateEditPageTest -->
