<?xml version="1.0" encoding="UTF-8"?>
<!-- Generated by org.testng.reporters.JUnitReportReporter -->
<testsuite hostname="Gursandeep_Virk" failures="0" tests="2" name="com.naveenautomation.TestPages.ContactPageTest" time="14.843" errors="0" timestamp="18 Nov. 2023 06:07:23 GMT" skipped="0">
  <testcase classname="com.naveenautomation.TestPages.ContactPageTest" name="validateIfContactUsFailedWithNoEmailInput" time="7.692"/>
  <testcase classname="com.naveenautomation.TestPages.ContactPageTest" name="validateIfContactUsFailedWithLessEnquiryChar" time="7.151"/>
</testsuite> <!-- com.naveenautomation.TestPages.ContactPageTest -->
