<?xml version="1.0" encoding="UTF-8"?>
<!-- Generated by org.testng.reporters.JUnitReportReporter -->
<testsuite hostname="Gursandeep_Virk" failures="0" tests="2" name="com.naveenautomation.TestPages.VoucherSuccessPageTest" time="17.787" errors="0" timestamp="18 Nov. 2023 06:07:23 GMT" skipped="0">
  <testcase classname="com.naveenautomation.TestPages.VoucherSuccessPageTest" name="validateIfUserCanBuyVoucher" time="9.836"/>
  <testcase classname="com.naveenautomation.TestPages.VoucherSuccessPageTest" name="validateIfRequiredFieldsAreEmptyThenUserCannotBuyVoucher" time="7.951"/>
</testsuite> <!-- com.naveenautomation.TestPages.VoucherSuccessPageTest -->
