<?xml version="1.0" encoding="UTF-8"?>
<!-- Generated by org.testng.reporters.JUnitReportReporter -->
<testsuite hostname="Gursandeep_Virk" failures="0" tests="1" name="com.naveenautomation.TestPages.DownloadPageTest" time="5.537" errors="0" timestamp="15 Nov. 2023 23:12:29 GMT" skipped="0">
  <testcase classname="com.naveenautomation.TestPages.DownloadPageTest" name="validateIfUserHasNotAnyDownloads" time="5.537"/>
</testsuite> <!-- com.naveenautomation.TestPages.DownloadPageTest -->
