<?xml version="1.0" encoding="UTF-8"?>
<!-- Generated by org.testng.reporters.JUnitReportReporter -->
<testsuite hostname="Gursandeep_Virk" failures="0" tests="1" name="com.naveenautomation.TestPages.ContactSuccessPageTest" time="9.912" errors="0" timestamp="18 Nov. 2023 06:07:23 GMT" skipped="0">
  <testcase classname="com.naveenautomation.TestPages.ContactSuccessPageTest" name="validateIfUserCanSuccessfullySubmitEnquiryOnContactUs" time="9.912"/>
</testsuite> <!-- com.naveenautomation.TestPages.ContactSuccessPageTest -->
