<?xml version="1.0" encoding="UTF-8"?>
<!-- Generated by org.testng.reporters.JUnitReportReporter -->
<testsuite hostname="Gursandeep_Virk" failures="0" tests="1" name="com.naveenautomation.TestPages.MacPageTest" time="7.964" errors="0" timestamp="18 Nov. 2023 06:07:23 GMT" skipped="0">
  <testcase classname="com.naveenautomation.TestPages.MacPageTest" name="validateIfUserCanAddMacToWishList" time="7.964"/>
</testsuite> <!-- com.naveenautomation.TestPages.MacPageTest -->
