<?xml version="1.0" encoding="UTF-8"?>
<!-- Generated by org.testng.reporters.JUnitReportReporter -->
<testsuite hostname="Gursandeep_Virk" failures="0" tests="2" name="com.naveenautomation.TestPages.VoucherSuccessPageTest" time="18.119" errors="0" timestamp="15 Nov. 2023 23:12:29 GMT" skipped="0">
  <testcase classname="com.naveenautomation.TestPages.VoucherSuccessPageTest" name="validateIfUserCanBuyVoucher" time="9.078"/>
  <testcase classname="com.naveenautomation.TestPages.VoucherSuccessPageTest" name="validateIfRequiredFieldsAreEmptyThenUserCannotBuyVoucher" time="9.041"/>
</testsuite> <!-- com.naveenautomation.TestPages.VoucherSuccessPageTest -->
