<?xml version="1.0" encoding="UTF-8"?>
<!-- Generated by org.testng.reporters.JUnitReportReporter -->
<testsuite hostname="Gursandeep_Virk" failures="0" tests="1" name="com.naveenautomation.TestPages.RewardPageTest" time="6.024" errors="0" timestamp="15 Nov. 2023 23:12:29 GMT" skipped="0">
  <testcase classname="com.naveenautomation.TestPages.RewardPageTest" name="validateIfUserHasNoRewardPoints" time="6.024"/>
</testsuite> <!-- com.naveenautomation.TestPages.RewardPageTest -->
