<?xml version="1.0" encoding="UTF-8"?>
<!-- Generated by org.testng.reporters.JUnitReportReporter -->
<testsuite hostname="Gursandeep_Virk" failures="0" tests="4" name="com.naveenautomation.TestPages.AccountPageTest" time="40.849" errors="0" timestamp="18 Nov. 2023 06:07:23 GMT" skipped="0">
  <testcase classname="com.naveenautomation.TestPages.AccountPageTest" name="validateProductReturn" time="7.515"/>
  <testcase classname="com.naveenautomation.TestPages.AccountPageTest" name="validateUserCanUpdatePersonalInfo" time="9.173"/>
  <testcase classname="com.naveenautomation.TestPages.AccountPageTest" name="validateIfUserCanFillAffiliateEditForm" time="14.021"/>
  <testcase classname="com.naveenautomation.TestPages.AccountPageTest" name="validateNewspaperSubsciption" time="10.140"/>
</testsuite> <!-- com.naveenautomation.TestPages.AccountPageTest -->
