<?xml version="1.0" encoding="UTF-8"?>
<!-- Generated by org.testng.reporters.JUnitReportReporter -->
<testsuite hostname="Gursandeep_Virk" failures="0" tests="2" name="com.naveenautomation.TestPages.ContactPageTest" time="14.726" errors="0" timestamp="15 Nov. 2023 23:12:29 GMT" skipped="0">
  <testcase classname="com.naveenautomation.TestPages.ContactPageTest" name="validateIfContactUsFailedWithLessEnquiryChar" time="8.273"/>
  <testcase classname="com.naveenautomation.TestPages.ContactPageTest" name="validateIfContactUsFailedWithNoEmailInput" time="6.453"/>
</testsuite> <!-- com.naveenautomation.TestPages.ContactPageTest -->
