<?xml version="1.0" encoding="UTF-8"?>
<!-- Generated by org.testng.reporters.JUnitReportReporter -->
<testsuite hostname="Gursandeep_Virk" failures="0" tests="2" name="com.naveenautomation.TestPages.AddressPageTest" time="9.016" errors="0" timestamp="15 Nov. 2023 23:12:29 GMT" skipped="1">
  <testcase classname="com.naveenautomation.TestPages.AddressPageTest" name="validateIfUserCanAddNewAddress" time="9.016"/>
  <testcase classname="com.naveenautomation.TestPages.AddressPageTest" name="validateIfUserCanMakeExistingAddressAsDefaultAddress">
    <skipped/>
  </testcase> <!-- validateIfUserCanMakeExistingAddressAsDefaultAddress -->
</testsuite> <!-- com.naveenautomation.TestPages.AddressPageTest -->
