<?xml version="1.0" encoding="UTF-8"?>
<!-- Generated by org.testng.reporters.JUnitReportReporter -->
<testsuite hostname="Gursandeep_Virk" failures="0" tests="8" name="com.naveenautomation.TestPages.LoginPageTest" time="52.716" errors="0" timestamp="18 Nov. 2023 06:07:23 GMT" skipped="0">
  <testcase classname="com.naveenautomation.TestPages.LoginPageTest" name="validateUserCanNotLoginWithInValidCredentials" time="5.188"/>
  <testcase classname="com.naveenautomation.TestPages.LoginPageTest" name="validateUserCanLoginWithValidCredentials" time="5.881"/>
  <testcase classname="com.naveenautomation.TestPages.LoginPageTest" name="validateLoginWithMultipleCredentials" time="6.174"/>
  <testcase classname="com.naveenautomation.TestPages.LoginPageTest" name="validateLoginWithMultipleCredentials" time="7.853"/>
  <testcase classname="com.naveenautomation.TestPages.LoginPageTest" name="validateLoginWithMultipleCredentials" time="8.338"/>
  <testcase classname="com.naveenautomation.TestPages.LoginPageTest" name="validateLoginWithMultipleCredentials" time="7.250"/>
  <testcase classname="com.naveenautomation.TestPages.LoginPageTest" name="validateEmailForForgottenPassword" time="6.574"/>
  <testcase classname="com.naveenautomation.TestPages.LoginPageTest" name="validateLoginWithMultipleCredentials" time="5.458"/>
</testsuite> <!-- com.naveenautomation.TestPages.LoginPageTest -->
